{"D:\\demo-repo-sonar\\weather-report\\source\\database.ts": {"path":"D:\\demo-repo-sonar\\weather-report\\source\\database.ts","statementMap":{"0":{"start":{"line":31,"column":0},"end":{"line":31,"column":16}},"1":{"start":{"line":49,"column":0},"end":{"line":49,"column":16}},"2":{"start":{"line":85,"column":0},"end":{"line":85,"column":16}},"3":{"start":{"line":112,"column":0},"end":{"line":112,"column":16}},"4":{"start":{"line":20,"column":16},"end":{"line":20,"column":30}},"5":{"start":{"line":23,"column":16},"end":{"line":23,"column":23}},"6":{"start":{"line":24,"column":16},"end":{"line":24,"column":40}},"7":{"start":{"line":27,"column":35},"end":{"line":27,"column":37}},"8":{"start":{"line":28,"column":29},"end":{"line":28,"column":31}},"9":{"start":{"line":29,"column":13},"end":{"line":29,"column":14}},"10":{"start":{"line":33,"column":2},"end":{"line":33,"column":60}},"11":{"start":{"line":35,"column":2},"end":{"line":35,"column":53}},"12":{"start":{"line":38,"column":2},"end":{"line":43,"column":5}},"13":{"start":{"line":45,"column":2},"end":{"line":45,"column":56}},"14":{"start":{"line":51,"column":2},"end":{"line":51,"column":43}},"15":{"start":{"line":53,"column":2},"end":{"line":62,"column":3}},"16":{"start":{"line":55,"column":22},"end":{"line":55,"column":53}},"17":{"start":{"line":56,"column":4},"end":{"line":60,"column":5}},"18":{"start":{"line":57,"column":19},"end":{"line":57,"column":31}},"19":{"start":{"line":59,"column":6},"end":{"line":59,"column":98}},"20":{"start":{"line":59,"column":42},"end":{"line":59,"column":96}},"21":{"start":{"line":61,"column":4},"end":{"line":61,"column":23}},"22":{"start":{"line":64,"column":2},"end":{"line":80,"column":3}},"23":{"start":{"line":66,"column":19},"end":{"line":66,"column":103}},"24":{"start":{"line":67,"column":4},"end":{"line":79,"column":5}},"25":{"start":{"line":68,"column":39},"end":{"line":76,"column":8}},"26":{"start":{"line":77,"column":6},"end":{"line":77,"column":34}},"27":{"start":{"line":78,"column":6},"end":{"line":78,"column":40}},"28":{"start":{"line":82,"column":2},"end":{"line":82,"column":12}},"29":{"start":{"line":87,"column":2},"end":{"line":108,"column":4}},"30":{"start":{"line":89,"column":6},"end":{"line":98,"column":7}},"31":{"start":{"line":90,"column":23},"end":{"line":90,"column":42}},"32":{"start":{"line":91,"column":8},"end":{"line":93,"column":9}},"33":{"start":{"line":92,"column":10},"end":{"line":92,"column":25}},"34":{"start":{"line":95,"column":8},"end":{"line":97,"column":9}},"35":{"start":{"line":96,"column":10},"end":{"line":96,"column":26}},"36":{"start":{"line":101,"column":6},"end":{"line":106,"column":7}},"37":{"start":{"line":102,"column":23},"end":{"line":102,"column":42}},"38":{"start":{"line":103,"column":8},"end":{"line":103,"column":31}},"39":{"start":{"line":105,"column":8},"end":{"line":105,"column":28}},"40":{"start":{"line":113,"column":2},"end":{"line":118,"column":3}},"41":{"start":{"line":114,"column":4},"end":{"line":114,"column":16}},"42":{"start":{"line":116,"column":4},"end":{"line":116,"column":62}},"43":{"start":{"line":117,"column":4},"end":{"line":117,"column":17}}},"fnMap":{"0":{"name":"initDb","decl":{"start":{"line":31,"column":16},"end":{"line":31,"column":22}},"loc":{"start":{"line":31,"column":22},"end":{"line":46,"column":1}}},"1":{"name":"executeQuery","decl":{"start":{"line":49,"column":16},"end":{"line":49,"column":28}},"loc":{"start":{"line":49,"column":58},"end":{"line":83,"column":1}}},"2":{"name":"(anonymous_2)","decl":{"start":{"line":59,"column":32},"end":{"line":59,"column":38}},"loc":{"start":{"line":59,"column":42},"end":{"line":59,"column":96}}},"3":{"name":"getDb","decl":{"start":{"line":85,"column":16},"end":{"line":85,"column":21}},"loc":{"start":{"line":85,"column":21},"end":{"line":109,"column":1}}},"4":{"name":"(anonymous_4)","decl":{"start":{"line":88,"column":9},"end":{"line":88,"column":10}},"loc":{"start":{"line":88,"column":58},"end":{"line":99,"column":5}}},"5":{"name":"(anonymous_5)","decl":{"start":{"line":100,"column":9},"end":{"line":100,"column":10}},"loc":{"start":{"line":100,"column":70},"end":{"line":107,"column":5}}},"6":{"name":"checkDbConnection","decl":{"start":{"line":112,"column":16},"end":{"line":112,"column":33}},"loc":{"start":{"line":112,"column":33},"end":{"line":119,"column":1}}}},"branchMap":{"0":{"loc":{"start":{"line":53,"column":2},"end":{"line":62,"column":3}},"type":"if","locations":[{"start":{"line":53,"column":2},"end":{"line":62,"column":3}},{"start":{},"end":{}}]},"1":{"loc":{"start":{"line":56,"column":4},"end":{"line":60,"column":5}},"type":"if","locations":[{"start":{"line":56,"column":4},"end":{"line":60,"column":5}},{"start":{},"end":{}}]},"2":{"loc":{"start":{"line":64,"column":2},"end":{"line":80,"column":3}},"type":"if","locations":[{"start":{"line":64,"column":2},"end":{"line":80,"column":3}},{"start":{},"end":{}}]},"3":{"loc":{"start":{"line":67,"column":4},"end":{"line":79,"column":5}},"type":"if","locations":[{"start":{"line":67,"column":4},"end":{"line":79,"column":5}},{"start":{},"end":{}}]},"4":{"loc":{"start":{"line":91,"column":8},"end":{"line":93,"column":9}},"type":"if","locations":[{"start":{"line":91,"column":8},"end":{"line":93,"column":9}},{"start":{},"end":{}}]},"5":{"loc":{"start":{"line":95,"column":8},"end":{"line":97,"column":9}},"type":"if","locations":[{"start":{"line":95,"column":8},"end":{"line":97,"column":9}},{"start":{},"end":{}}]}},"s":{"0":2,"1":2,"2":2,"3":2,"4":2,"5":2,"6":2,"7":2,"8":2,"9":2,"10":0,"11":0,"12":0,"13":0,"14":1,"15":1,"16":0,"17":0,"18":0,"19":0,"20":0,"21":0,"22":1,"23":1,"24":1,"25":1,"26":1,"27":1,"28":0,"29":1,"30":1,"31":1,"32":1,"33":1,"34":0,"35":0,"36":0,"37":0,"38":0,"39":0,"40":0,"41":0,"42":0,"43":0},"f":{"0":0,"1":1,"2":0,"3":1,"4":1,"5":0,"6":0},"b":{"0":[0,1],"1":[0,0],"2":[1,0],"3":[1,0],"4":[1,0],"5":[0,0]}}
,"D:\\demo-repo-sonar\\weather-report\\source\\weatherService.ts": {"path":"D:\\demo-repo-sonar\\weather-report\\source\\weatherService.ts","statementMap":{"0":{"start":{"line":9,"column":0},"end":{"line":9,"column":22}},"1":{"start":{"line":60,"column":0},"end":{"line":60,"column":16}},"2":{"start":{"line":88,"column":0},"end":{"line":88,"column":16}},"3":{"start":{"line":2,"column":0},"end":{"line":2,"column":49}},"4":{"start":{"line":6,"column":16},"end":{"line":6,"column":50}},"5":{"start":{"line":7,"column":24},"end":{"line":7,"column":68}},"6":{"start":{"line":10,"column":2},"end":{"line":12,"column":3}},"7":{"start":{"line":11,"column":4},"end":{"line":11,"column":45}},"8":{"start":{"line":13,"column":2},"end":{"line":37,"column":3}},"9":{"start":{"line":16,"column":4},"end":{"line":16,"column":73}},"10":{"start":{"line":19,"column":37},"end":{"line":28,"column":6}},"11":{"start":{"line":31,"column":4},"end":{"line":31,"column":33}},"12":{"start":{"line":33,"column":4},"end":{"line":33,"column":23}},"13":{"start":{"line":35,"column":4},"end":{"line":35,"column":57}},"14":{"start":{"line":36,"column":4},"end":{"line":36,"column":57}},"15":{"start":{"line":41,"column":13},"end":{"line":41,"column":20}},"16":{"start":{"line":44,"column":16},"end":{"line":48,"column":4}},"17":{"start":{"line":51,"column":2},"end":{"line":57,"column":5}},"18":{"start":{"line":52,"column":4},"end":{"line":56,"column":5}},"19":{"start":{"line":53,"column":6},"end":{"line":53,"column":63}},"20":{"start":{"line":55,"column":6},"end":{"line":55,"column":53}},"21":{"start":{"line":64,"column":2},"end":{"line":84,"column":5}},"22":{"start":{"line":65,"column":15},"end":{"line":65,"column":22}},"23":{"start":{"line":68,"column":16},"end":{"line":68,"column":67}},"24":{"start":{"line":71,"column":4},"end":{"line":73,"column":5}},"25":{"start":{"line":72,"column":6},"end":{"line":72,"column":53}},"26":{"start":{"line":76,"column":4},"end":{"line":83,"column":7}},"27":{"start":{"line":77,"column":6},"end":{"line":82,"column":7}},"28":{"start":{"line":78,"column":8},"end":{"line":78,"column":52}},"29":{"start":{"line":79,"column":8},"end":{"line":79,"column":20}},"30":{"start":{"line":81,"column":8},"end":{"line":81,"column":39}},"31":{"start":{"line":89,"column":2},"end":{"line":91,"column":3}},"32":{"start":{"line":90,"column":4},"end":{"line":90,"column":58}},"33":{"start":{"line":93,"column":17},"end":{"line":93,"column":26}},"34":{"start":{"line":94,"column":16},"end":{"line":94,"column":24}},"35":{"start":{"line":95,"column":16},"end":{"line":95,"column":17}},"36":{"start":{"line":96,"column":21},"end":{"line":96,"column":30}},"37":{"start":{"line":97,"column":20},"end":{"line":97,"column":28}},"38":{"start":{"line":98,"column":20},"end":{"line":98,"column":21}},"39":{"start":{"line":99,"column":17},"end":{"line":99,"column":26}},"40":{"start":{"line":100,"column":16},"end":{"line":100,"column":24}},"41":{"start":{"line":101,"column":16},"end":{"line":101,"column":17}},"42":{"start":{"line":104,"column":2},"end":{"line":131,"column":3}},"43":{"start":{"line":104,"column":15},"end":{"line":104,"column":16}},"44":{"start":{"line":106,"column":4},"end":{"line":108,"column":5}},"45":{"start":{"line":107,"column":6},"end":{"line":107,"column":38}},"46":{"start":{"line":109,"column":4},"end":{"line":111,"column":5}},"47":{"start":{"line":110,"column":6},"end":{"line":110,"column":37}},"48":{"start":{"line":112,"column":4},"end":{"line":112,"column":36}},"49":{"start":{"line":115,"column":4},"end":{"line":117,"column":5}},"50":{"start":{"line":116,"column":6},"end":{"line":116,"column":39}},"51":{"start":{"line":118,"column":4},"end":{"line":120,"column":5}},"52":{"start":{"line":119,"column":6},"end":{"line":119,"column":38}},"53":{"start":{"line":121,"column":4},"end":{"line":121,"column":37}},"54":{"start":{"line":124,"column":4},"end":{"line":126,"column":5}},"55":{"start":{"line":125,"column":6},"end":{"line":125,"column":37}},"56":{"start":{"line":127,"column":4},"end":{"line":129,"column":5}},"57":{"start":{"line":128,"column":6},"end":{"line":128,"column":36}},"58":{"start":{"line":130,"column":4},"end":{"line":130,"column":35}},"59":{"start":{"line":133,"column":2},"end":{"line":133,"column":25}},"60":{"start":{"line":134,"column":2},"end":{"line":134,"column":29}},"61":{"start":{"line":135,"column":2},"end":{"line":135,"column":25}},"62":{"start":{"line":138,"column":19},"end":{"line":155,"column":4}},"63":{"start":{"line":157,"column":2},"end":{"line":157,"column":18}},"64":{"start":{"line":162,"column":2},"end":{"line":162,"column":32}},"65":{"start":{"line":167,"column":2},"end":{"line":167,"column":37}},"66":{"start":{"line":172,"column":10},"end":{"line":172,"column":12}},"67":{"start":{"line":174,"column":2},"end":{"line":182,"column":3}},"68":{"start":{"line":175,"column":4},"end":{"line":175,"column":22}},"69":{"start":{"line":176,"column":9},"end":{"line":182,"column":3}},"70":{"start":{"line":177,"column":4},"end":{"line":177,"column":18}},"71":{"start":{"line":178,"column":9},"end":{"line":182,"column":3}},"72":{"start":{"line":179,"column":4},"end":{"line":179,"column":18}},"73":{"start":{"line":181,"column":4},"end":{"line":181,"column":18}},"74":{"start":{"line":184,"column":2},"end":{"line":190,"column":3}},"75":{"start":{"line":185,"column":4},"end":{"line":185,"column":24}},"76":{"start":{"line":186,"column":9},"end":{"line":190,"column":3}},"77":{"start":{"line":187,"column":4},"end":{"line":187,"column":19}},"78":{"start":{"line":189,"column":4},"end":{"line":189,"column":17}},"79":{"start":{"line":192,"column":2},"end":{"line":198,"column":3}},"80":{"start":{"line":193,"column":4},"end":{"line":193,"column":23}},"81":{"start":{"line":194,"column":9},"end":{"line":198,"column":3}},"82":{"start":{"line":195,"column":4},"end":{"line":195,"column":18}},"83":{"start":{"line":197,"column":4},"end":{"line":197,"column":23}},"84":{"start":{"line":200,"column":2},"end":{"line":200,"column":11}}},"fnMap":{"0":{"name":"getWeatherForCity","decl":{"start":{"line":9,"column":22},"end":{"line":9,"column":39}},"loc":{"start":{"line":9,"column":52},"end":{"line":38,"column":null}}},"1":{"name":"saveWeatherData","decl":{"start":{"line":40,"column":9},"end":{"line":40,"column":24}},"loc":{"start":{"line":40,"column":42},"end":{"line":58,"column":1}}},"2":{"name":"(anonymous_10)","decl":{"start":{"line":51,"column":16},"end":{"line":51,"column":26}},"loc":{"start":{"line":51,"column":34},"end":{"line":57,"column":3}}},"3":{"name":"getHistoricalWeather","decl":{"start":{"line":60,"column":16},"end":{"line":60,"column":36}},"loc":{"start":{"line":62,"column":19},"end":{"line":85,"column":1}}},"4":{"name":"(anonymous_12)","decl":{"start":{"line":64,"column":21},"end":{"line":64,"column":22}},"loc":{"start":{"line":64,"column":41},"end":{"line":84,"column":3}}},"5":{"name":"(anonymous_13)","decl":{"start":{"line":76,"column":18},"end":{"line":76,"column":19}},"loc":{"start":{"line":76,"column":42},"end":{"line":83,"column":5}}},"6":{"name":"processAndAnalyzeWeatherData","decl":{"start":{"line":88,"column":16},"end":{"line":88,"column":44}},"loc":{"start":{"line":88,"column":64},"end":{"line":158,"column":1}}},"7":{"name":"convertCelsiusToFahrenheit","decl":{"start":{"line":161,"column":9},"end":{"line":161,"column":35}},"loc":{"start":{"line":161,"column":51},"end":{"line":163,"column":1}}},"8":{"name":"convertFahrenheitToCelsius","decl":{"start":{"line":166,"column":9},"end":{"line":166,"column":35}},"loc":{"start":{"line":166,"column":54},"end":{"line":168,"column":1}}},"9":{"name":"generateWeatherSummary","decl":{"start":{"line":171,"column":9},"end":{"line":171,"column":31}},"loc":{"start":{"line":171,"column":63},"end":{"line":201,"column":1}}}},"branchMap":{"0":{"loc":{"start":{"line":10,"column":2},"end":{"line":12,"column":3}},"type":"if","locations":[{"start":{"line":10,"column":2},"end":{"line":12,"column":3}},{"start":{},"end":{}}]},"1":{"loc":{"start":{"line":10,"column":6},"end":{"line":10,"column":33}},"type":"binary-expr","locations":[{"start":{"line":10,"column":6},"end":{"line":10,"column":11}},{"start":{"line":10,"column":15},"end":{"line":10,"column":33}}]},"2":{"loc":{"start":{"line":52,"column":4},"end":{"line":56,"column":5}},"type":"if","locations":[{"start":{"line":52,"column":4},"end":{"line":56,"column":5}},{"start":{"line":54,"column":11},"end":{"line":56,"column":5}}]},"3":{"loc":{"start":{"line":71,"column":4},"end":{"line":73,"column":5}},"type":"if","locations":[{"start":{"line":71,"column":4},"end":{"line":73,"column":5}},{"start":{},"end":{}}]},"4":{"loc":{"start":{"line":77,"column":6},"end":{"line":82,"column":7}},"type":"if","locations":[{"start":{"line":77,"column":6},"end":{"line":82,"column":7}},{"start":{"line":80,"column":13},"end":{"line":82,"column":7}}]},"5":{"loc":{"start":{"line":89,"column":2},"end":{"line":91,"column":3}},"type":"if","locations":[{"start":{"line":89,"column":2},"end":{"line":91,"column":3}},{"start":{},"end":{}}]},"6":{"loc":{"start":{"line":89,"column":6},"end":{"line":89,"column":32}},"type":"binary-expr","locations":[{"start":{"line":89,"column":6},"end":{"line":89,"column":11}},{"start":{"line":89,"column":15},"end":{"line":89,"column":32}}]},"7":{"loc":{"start":{"line":106,"column":4},"end":{"line":108,"column":5}},"type":"if","locations":[{"start":{"line":106,"column":4},"end":{"line":108,"column":5}},{"start":{},"end":{}}]},"8":{"loc":{"start":{"line":109,"column":4},"end":{"line":111,"column":5}},"type":"if","locations":[{"start":{"line":109,"column":4},"end":{"line":111,"column":5}},{"start":{},"end":{}}]},"9":{"loc":{"start":{"line":115,"column":4},"end":{"line":117,"column":5}},"type":"if","locations":[{"start":{"line":115,"column":4},"end":{"line":117,"column":5}},{"start":{},"end":{}}]},"10":{"loc":{"start":{"line":118,"column":4},"end":{"line":120,"column":5}},"type":"if","locations":[{"start":{"line":118,"column":4},"end":{"line":120,"column":5}},{"start":{},"end":{}}]},"11":{"loc":{"start":{"line":124,"column":4},"end":{"line":126,"column":5}},"type":"if","locations":[{"start":{"line":124,"column":4},"end":{"line":126,"column":5}},{"start":{},"end":{}}]},"12":{"loc":{"start":{"line":127,"column":4},"end":{"line":129,"column":5}},"type":"if","locations":[{"start":{"line":127,"column":4},"end":{"line":129,"column":5}},{"start":{},"end":{}}]},"13":{"loc":{"start":{"line":174,"column":2},"end":{"line":182,"column":3}},"type":"if","locations":[{"start":{"line":174,"column":2},"end":{"line":182,"column":3}},{"start":{"line":176,"column":9},"end":{"line":182,"column":3}}]},"14":{"loc":{"start":{"line":176,"column":9},"end":{"line":182,"column":3}},"type":"if","locations":[{"start":{"line":176,"column":9},"end":{"line":182,"column":3}},{"start":{"line":178,"column":9},"end":{"line":182,"column":3}}]},"15":{"loc":{"start":{"line":178,"column":9},"end":{"line":182,"column":3}},"type":"if","locations":[{"start":{"line":178,"column":9},"end":{"line":182,"column":3}},{"start":{"line":180,"column":9},"end":{"line":182,"column":3}}]},"16":{"loc":{"start":{"line":184,"column":2},"end":{"line":190,"column":3}},"type":"if","locations":[{"start":{"line":184,"column":2},"end":{"line":190,"column":3}},{"start":{"line":186,"column":9},"end":{"line":190,"column":3}}]},"17":{"loc":{"start":{"line":186,"column":9},"end":{"line":190,"column":3}},"type":"if","locations":[{"start":{"line":186,"column":9},"end":{"line":190,"column":3}},{"start":{"line":188,"column":9},"end":{"line":190,"column":3}}]},"18":{"loc":{"start":{"line":192,"column":2},"end":{"line":198,"column":3}},"type":"if","locations":[{"start":{"line":192,"column":2},"end":{"line":198,"column":3}},{"start":{"line":194,"column":9},"end":{"line":198,"column":3}}]},"19":{"loc":{"start":{"line":194,"column":9},"end":{"line":198,"column":3}},"type":"if","locations":[{"start":{"line":194,"column":9},"end":{"line":198,"column":3}},{"start":{"line":196,"column":9},"end":{"line":198,"column":3}}]}},"s":{"0":3,"1":3,"2":3,"3":3,"4":3,"5":3,"6":2,"7":1,"8":1,"9":1,"10":1,"11":1,"12":1,"13":0,"14":0,"15":1,"16":1,"17":1,"18":1,"19":0,"20":1,"21":3,"22":3,"23":3,"24":3,"25":0,"26":3,"27":3,"28":1,"29":1,"30":2,"31":2,"32":1,"33":1,"34":1,"35":1,"36":1,"37":1,"38":1,"39":1,"40":1,"41":1,"42":1,"43":1,"44":2,"45":1,"46":2,"47":2,"48":2,"49":2,"50":2,"51":2,"52":1,"53":2,"54":2,"55":1,"56":2,"57":2,"58":2,"59":1,"60":1,"61":1,"62":1,"63":1,"64":0,"65":0,"66":1,"67":1,"68":0,"69":1,"70":1,"71":0,"72":0,"73":0,"74":1,"75":0,"76":1,"77":1,"78":0,"79":1,"80":0,"81":1,"82":0,"83":1,"84":1},"f":{"0":2,"1":1,"2":1,"3":3,"4":3,"5":3,"6":2,"7":0,"8":0,"9":1},"b":{"0":[1,1],"1":[2,1],"2":[0,1],"3":[0,3],"4":[1,2],"5":[1,1],"6":[2,2],"7":[1,1],"8":[2,0],"9":[2,0],"10":[1,1],"11":[1,1],"12":[2,0],"13":[0,1],"14":[1,0],"15":[0,0],"16":[0,1],"17":[1,0],"18":[0,1],"19":[0,1]}}
}
