{"D:\\demo-repo-sonar\\weather-report\\source\\database.ts": {"path":"D:\\demo-repo-sonar\\weather-report\\source\\database.ts","statementMap":{"0":{"start":{"line":31,"column":0},"end":{"line":31,"column":16}},"1":{"start":{"line":49,"column":0},"end":{"line":49,"column":16}},"2":{"start":{"line":85,"column":0},"end":{"line":85,"column":16}},"3":{"start":{"line":112,"column":0},"end":{"line":112,"column":16}},"4":{"start":{"line":20,"column":16},"end":{"line":20,"column":30}},"5":{"start":{"line":23,"column":16},"end":{"line":23,"column":23}},"6":{"start":{"line":24,"column":16},"end":{"line":24,"column":40}},"7":{"start":{"line":27,"column":35},"end":{"line":27,"column":37}},"8":{"start":{"line":28,"column":29},"end":{"line":28,"column":31}},"9":{"start":{"line":29,"column":13},"end":{"line":29,"column":14}},"10":{"start":{"line":33,"column":2},"end":{"line":33,"column":60}},"11":{"start":{"line":35,"column":2},"end":{"line":35,"column":53}},"12":{"start":{"line":38,"column":2},"end":{"line":43,"column":5}},"13":{"start":{"line":45,"column":2},"end":{"line":45,"column":56}},"14":{"start":{"line":51,"column":2},"end":{"line":51,"column":43}},"15":{"start":{"line":53,"column":2},"end":{"line":62,"column":3}},"16":{"start":{"line":55,"column":22},"end":{"line":55,"column":53}},"17":{"start":{"line":56,"column":4},"end":{"line":60,"column":5}},"18":{"start":{"line":57,"column":19},"end":{"line":57,"column":31}},"19":{"start":{"line":59,"column":6},"end":{"line":59,"column":98}},"20":{"start":{"line":59,"column":42},"end":{"line":59,"column":96}},"21":{"start":{"line":61,"column":4},"end":{"line":61,"column":23}},"22":{"start":{"line":64,"column":2},"end":{"line":80,"column":3}},"23":{"start":{"line":66,"column":19},"end":{"line":66,"column":103}},"24":{"start":{"line":67,"column":4},"end":{"line":79,"column":5}},"25":{"start":{"line":68,"column":39},"end":{"line":76,"column":8}},"26":{"start":{"line":77,"column":6},"end":{"line":77,"column":34}},"27":{"start":{"line":78,"column":6},"end":{"line":78,"column":40}},"28":{"start":{"line":82,"column":2},"end":{"line":82,"column":12}},"29":{"start":{"line":87,"column":2},"end":{"line":108,"column":4}},"30":{"start":{"line":89,"column":6},"end":{"line":98,"column":7}},"31":{"start":{"line":90,"column":23},"end":{"line":90,"column":42}},"32":{"start":{"line":91,"column":8},"end":{"line":93,"column":9}},"33":{"start":{"line":92,"column":10},"end":{"line":92,"column":25}},"34":{"start":{"line":95,"column":8},"end":{"line":97,"column":9}},"35":{"start":{"line":96,"column":10},"end":{"line":96,"column":26}},"36":{"start":{"line":101,"column":6},"end":{"line":106,"column":7}},"37":{"start":{"line":102,"column":23},"end":{"line":102,"column":42}},"38":{"start":{"line":103,"column":8},"end":{"line":103,"column":31}},"39":{"start":{"line":105,"column":8},"end":{"line":105,"column":28}},"40":{"start":{"line":113,"column":2},"end":{"line":118,"column":3}},"41":{"start":{"line":114,"column":4},"end":{"line":114,"column":16}},"42":{"start":{"line":116,"column":4},"end":{"line":116,"column":62}},"43":{"start":{"line":117,"column":4},"end":{"line":117,"column":17}}},"fnMap":{"0":{"name":"initDb","decl":{"start":{"line":31,"column":16},"end":{"line":31,"column":22}},"loc":{"start":{"line":31,"column":22},"end":{"line":46,"column":1}}},"1":{"name":"executeQuery","decl":{"start":{"line":49,"column":16},"end":{"line":49,"column":28}},"loc":{"start":{"line":49,"column":58},"end":{"line":83,"column":1}}},"2":{"name":"(anonymous_2)","decl":{"start":{"line":59,"column":32},"end":{"line":59,"column":38}},"loc":{"start":{"line":59,"column":42},"end":{"line":59,"column":96}}},"3":{"name":"getDb","decl":{"start":{"line":85,"column":16},"end":{"line":85,"column":21}},"loc":{"start":{"line":85,"column":21},"end":{"line":109,"column":1}}},"4":{"name":"(anonymous_4)","decl":{"start":{"line":88,"column":9},"end":{"line":88,"column":10}},"loc":{"start":{"line":88,"column":58},"end":{"line":99,"column":5}}},"5":{"name":"(anonymous_5)","decl":{"start":{"line":100,"column":9},"end":{"line":100,"column":10}},"loc":{"start":{"line":100,"column":70},"end":{"line":107,"column":5}}},"6":{"name":"checkDbConnection","decl":{"start":{"line":112,"column":16},"end":{"line":112,"column":33}},"loc":{"start":{"line":112,"column":33},"end":{"line":119,"column":1}}}},"branchMap":{"0":{"loc":{"start":{"line":53,"column":2},"end":{"line":62,"column":3}},"type":"if","locations":[{"start":{"line":53,"column":2},"end":{"line":62,"column":3}},{"start":{},"end":{}}]},"1":{"loc":{"start":{"line":56,"column":4},"end":{"line":60,"column":5}},"type":"if","locations":[{"start":{"line":56,"column":4},"end":{"line":60,"column":5}},{"start":{},"end":{}}]},"2":{"loc":{"start":{"line":64,"column":2},"end":{"line":80,"column":3}},"type":"if","locations":[{"start":{"line":64,"column":2},"end":{"line":80,"column":3}},{"start":{},"end":{}}]},"3":{"loc":{"start":{"line":67,"column":4},"end":{"line":79,"column":5}},"type":"if","locations":[{"start":{"line":67,"column":4},"end":{"line":79,"column":5}},{"start":{},"end":{}}]},"4":{"loc":{"start":{"line":91,"column":8},"end":{"line":93,"column":9}},"type":"if","locations":[{"start":{"line":91,"column":8},"end":{"line":93,"column":9}},{"start":{},"end":{}}]},"5":{"loc":{"start":{"line":95,"column":8},"end":{"line":97,"column":9}},"type":"if","locations":[{"start":{"line":95,"column":8},"end":{"line":97,"column":9}},{"start":{},"end":{}}]}},"s":{"0":2,"1":2,"2":2,"3":2,"4":2,"5":2,"6":2,"7":2,"8":2,"9":2,"10":0,"11":0,"12":0,"13":0,"14":1,"15":1,"16":0,"17":0,"18":0,"19":0,"20":0,"21":0,"22":1,"23":1,"24":1,"25":1,"26":1,"27":1,"28":0,"29":1,"30":1,"31":1,"32":1,"33":1,"34":0,"35":0,"36":0,"37":0,"38":0,"39":0,"40":0,"41":0,"42":0,"43":0},"f":{"0":0,"1":1,"2":0,"3":1,"4":1,"5":0,"6":0},"b":{"0":[0,1],"1":[0,0],"2":[1,0],"3":[1,0],"4":[1,0],"5":[0,0]}}
,"D:\\demo-repo-sonar\\weather-report\\source\\weatherService.ts": {"path":"D:\\demo-repo-sonar\\weather-report\\source\\weatherService.ts","statementMap":{"0":{"start":{"line":9,"column":0},"end":{"line":9,"column":22}},"1":{"start":{"line":60,"column":0},"end":{"line":60,"column":16}},"2":{"start":{"line":88,"column":0},"end":{"line":88,"column":16}},"3":{"start":{"line":2,"column":0},"end":{"line":2,"column":49}},"4":{"start":{"line":6,"column":16},"end":{"line":6,"column":50}},"5":{"start":{"line":7,"column":24},"end":{"line":7,"column":68}},"6":{"start":{"line":10,"column":2},"end":{"line":12,"column":3}},"7":{"start":{"line":11,"column":4},"end":{"line":11,"column":45}},"8":{"start":{"line":13,"column":2},"end":{"line":37,"column":3}},"9":{"start":{"line":16,"column":4},"end":{"line":16,"column":73}},"10":{"start":{"line":19,"column":37},"end":{"line":28,"column":6}},"11":{"start":{"line":31,"column":4},"end":{"line":31,"column":33}},"12":{"start":{"line":33,"column":4},"end":{"line":33,"column":23}},"13":{"start":{"line":35,"column":4},"end":{"line":35,"column":57}},"14":{"start":{"line":36,"column":4},"end":{"line":36,"column":57}},"15":{"start":{"line":41,"column":13},"end":{"line":41,"column":20}},"16":{"start":{"line":44,"column":16},"end":{"line":48,"column":4}},"17":{"start":{"line":51,"column":2},"end":{"line":57,"column":5}},"18":{"start":{"line":52,"column":4},"end":{"line":56,"column":5}},"19":{"start":{"line":53,"column":6},"end":{"line":53,"column":63}},"20":{"start":{"line":55,"column":6},"end":{"line":55,"column":53}},"21":{"start":{"line":64,"column":2},"end":{"line":84,"column":5}},"22":{"start":{"line":65,"column":15},"end":{"line":65,"column":22}},"23":{"start":{"line":68,"column":16},"end":{"line":68,"column":67}},"24":{"start":{"line":71,"column":4},"end":{"line":73,"column":5}},"25":{"start":{"line":72,"column":6},"end":{"line":72,"column":53}},"26":{"start":{"line":76,"column":4},"end":{"line":83,"column":7}},"27":{"start":{"line":77,"column":6},"end":{"line":82,"column":7}},"28":{"start":{"line":78,"column":8},"end":{"line":78,"column":52}},"29":{"start":{"line":79,"column":8},"end":{"line":79,"column":20}},"30":{"start":{"line":81,"column":8},"end":{"line":81,"column":39}},"31":{"start":{"line":90,"column":17},"end":{"line":90,"column":26}},"32":{"start":{"line":91,"column":16},"end":{"line":91,"column":24}},"33":{"start":{"line":92,"column":16},"end":{"line":92,"column":17}},"34":{"start":{"line":93,"column":21},"end":{"line":93,"column":30}},"35":{"start":{"line":94,"column":20},"end":{"line":94,"column":28}},"36":{"start":{"line":95,"column":20},"end":{"line":95,"column":21}},"37":{"start":{"line":96,"column":17},"end":{"line":96,"column":26}},"38":{"start":{"line":97,"column":16},"end":{"line":97,"column":24}},"39":{"start":{"line":98,"column":16},"end":{"line":98,"column":17}},"40":{"start":{"line":101,"column":2},"end":{"line":128,"column":3}},"41":{"start":{"line":101,"column":15},"end":{"line":101,"column":16}},"42":{"start":{"line":103,"column":4},"end":{"line":105,"column":5}},"43":{"start":{"line":104,"column":6},"end":{"line":104,"column":38}},"44":{"start":{"line":106,"column":4},"end":{"line":108,"column":5}},"45":{"start":{"line":107,"column":6},"end":{"line":107,"column":37}},"46":{"start":{"line":109,"column":4},"end":{"line":109,"column":36}},"47":{"start":{"line":112,"column":4},"end":{"line":114,"column":5}},"48":{"start":{"line":113,"column":6},"end":{"line":113,"column":39}},"49":{"start":{"line":115,"column":4},"end":{"line":117,"column":5}},"50":{"start":{"line":116,"column":6},"end":{"line":116,"column":38}},"51":{"start":{"line":118,"column":4},"end":{"line":118,"column":37}},"52":{"start":{"line":121,"column":4},"end":{"line":123,"column":5}},"53":{"start":{"line":122,"column":6},"end":{"line":122,"column":37}},"54":{"start":{"line":124,"column":4},"end":{"line":126,"column":5}},"55":{"start":{"line":125,"column":6},"end":{"line":125,"column":36}},"56":{"start":{"line":127,"column":4},"end":{"line":127,"column":35}},"57":{"start":{"line":130,"column":2},"end":{"line":130,"column":25}},"58":{"start":{"line":131,"column":2},"end":{"line":131,"column":29}},"59":{"start":{"line":132,"column":2},"end":{"line":132,"column":25}},"60":{"start":{"line":135,"column":19},"end":{"line":152,"column":4}},"61":{"start":{"line":154,"column":2},"end":{"line":154,"column":18}},"62":{"start":{"line":159,"column":2},"end":{"line":159,"column":32}},"63":{"start":{"line":164,"column":2},"end":{"line":164,"column":37}},"64":{"start":{"line":169,"column":10},"end":{"line":169,"column":12}},"65":{"start":{"line":171,"column":2},"end":{"line":179,"column":3}},"66":{"start":{"line":172,"column":4},"end":{"line":172,"column":22}},"67":{"start":{"line":173,"column":9},"end":{"line":179,"column":3}},"68":{"start":{"line":174,"column":4},"end":{"line":174,"column":18}},"69":{"start":{"line":175,"column":9},"end":{"line":179,"column":3}},"70":{"start":{"line":176,"column":4},"end":{"line":176,"column":18}},"71":{"start":{"line":178,"column":4},"end":{"line":178,"column":18}},"72":{"start":{"line":181,"column":2},"end":{"line":187,"column":3}},"73":{"start":{"line":182,"column":4},"end":{"line":182,"column":24}},"74":{"start":{"line":183,"column":9},"end":{"line":187,"column":3}},"75":{"start":{"line":184,"column":4},"end":{"line":184,"column":19}},"76":{"start":{"line":186,"column":4},"end":{"line":186,"column":17}},"77":{"start":{"line":189,"column":2},"end":{"line":195,"column":3}},"78":{"start":{"line":190,"column":4},"end":{"line":190,"column":23}},"79":{"start":{"line":191,"column":9},"end":{"line":195,"column":3}},"80":{"start":{"line":192,"column":4},"end":{"line":192,"column":18}},"81":{"start":{"line":194,"column":4},"end":{"line":194,"column":23}},"82":{"start":{"line":197,"column":2},"end":{"line":197,"column":11}}},"fnMap":{"0":{"name":"getWeatherForCity","decl":{"start":{"line":9,"column":22},"end":{"line":9,"column":39}},"loc":{"start":{"line":9,"column":52},"end":{"line":38,"column":null}}},"1":{"name":"saveWeatherData","decl":{"start":{"line":40,"column":9},"end":{"line":40,"column":24}},"loc":{"start":{"line":40,"column":42},"end":{"line":58,"column":1}}},"2":{"name":"(anonymous_10)","decl":{"start":{"line":51,"column":16},"end":{"line":51,"column":26}},"loc":{"start":{"line":51,"column":34},"end":{"line":57,"column":3}}},"3":{"name":"getHistoricalWeather","decl":{"start":{"line":60,"column":16},"end":{"line":60,"column":36}},"loc":{"start":{"line":62,"column":19},"end":{"line":85,"column":1}}},"4":{"name":"(anonymous_12)","decl":{"start":{"line":64,"column":21},"end":{"line":64,"column":22}},"loc":{"start":{"line":64,"column":41},"end":{"line":84,"column":3}}},"5":{"name":"(anonymous_13)","decl":{"start":{"line":76,"column":18},"end":{"line":76,"column":19}},"loc":{"start":{"line":76,"column":42},"end":{"line":83,"column":5}}},"6":{"name":"processAndAnalyzeWeatherData","decl":{"start":{"line":88,"column":16},"end":{"line":88,"column":44}},"loc":{"start":{"line":88,"column":64},"end":{"line":155,"column":1}}},"7":{"name":"convertCelsiusToFahrenheit","decl":{"start":{"line":158,"column":9},"end":{"line":158,"column":35}},"loc":{"start":{"line":158,"column":51},"end":{"line":160,"column":1}}},"8":{"name":"convertFahrenheitToCelsius","decl":{"start":{"line":163,"column":9},"end":{"line":163,"column":35}},"loc":{"start":{"line":163,"column":54},"end":{"line":165,"column":1}}},"9":{"name":"generateWeatherSummary","decl":{"start":{"line":168,"column":9},"end":{"line":168,"column":31}},"loc":{"start":{"line":168,"column":63},"end":{"line":198,"column":1}}}},"branchMap":{"0":{"loc":{"start":{"line":10,"column":2},"end":{"line":12,"column":3}},"type":"if","locations":[{"start":{"line":10,"column":2},"end":{"line":12,"column":3}},{"start":{},"end":{}}]},"1":{"loc":{"start":{"line":10,"column":6},"end":{"line":10,"column":33}},"type":"binary-expr","locations":[{"start":{"line":10,"column":6},"end":{"line":10,"column":11}},{"start":{"line":10,"column":15},"end":{"line":10,"column":33}}]},"2":{"loc":{"start":{"line":52,"column":4},"end":{"line":56,"column":5}},"type":"if","locations":[{"start":{"line":52,"column":4},"end":{"line":56,"column":5}},{"start":{"line":54,"column":11},"end":{"line":56,"column":5}}]},"3":{"loc":{"start":{"line":71,"column":4},"end":{"line":73,"column":5}},"type":"if","locations":[{"start":{"line":71,"column":4},"end":{"line":73,"column":5}},{"start":{},"end":{}}]},"4":{"loc":{"start":{"line":77,"column":6},"end":{"line":82,"column":7}},"type":"if","locations":[{"start":{"line":77,"column":6},"end":{"line":82,"column":7}},{"start":{"line":80,"column":13},"end":{"line":82,"column":7}}]},"5":{"loc":{"start":{"line":103,"column":4},"end":{"line":105,"column":5}},"type":"if","locations":[{"start":{"line":103,"column":4},"end":{"line":105,"column":5}},{"start":{},"end":{}}]},"6":{"loc":{"start":{"line":106,"column":4},"end":{"line":108,"column":5}},"type":"if","locations":[{"start":{"line":106,"column":4},"end":{"line":108,"column":5}},{"start":{},"end":{}}]},"7":{"loc":{"start":{"line":112,"column":4},"end":{"line":114,"column":5}},"type":"if","locations":[{"start":{"line":112,"column":4},"end":{"line":114,"column":5}},{"start":{},"end":{}}]},"8":{"loc":{"start":{"line":115,"column":4},"end":{"line":117,"column":5}},"type":"if","locations":[{"start":{"line":115,"column":4},"end":{"line":117,"column":5}},{"start":{},"end":{}}]},"9":{"loc":{"start":{"line":121,"column":4},"end":{"line":123,"column":5}},"type":"if","locations":[{"start":{"line":121,"column":4},"end":{"line":123,"column":5}},{"start":{},"end":{}}]},"10":{"loc":{"start":{"line":124,"column":4},"end":{"line":126,"column":5}},"type":"if","locations":[{"start":{"line":124,"column":4},"end":{"line":126,"column":5}},{"start":{},"end":{}}]},"11":{"loc":{"start":{"line":171,"column":2},"end":{"line":179,"column":3}},"type":"if","locations":[{"start":{"line":171,"column":2},"end":{"line":179,"column":3}},{"start":{"line":173,"column":9},"end":{"line":179,"column":3}}]},"12":{"loc":{"start":{"line":173,"column":9},"end":{"line":179,"column":3}},"type":"if","locations":[{"start":{"line":173,"column":9},"end":{"line":179,"column":3}},{"start":{"line":175,"column":9},"end":{"line":179,"column":3}}]},"13":{"loc":{"start":{"line":175,"column":9},"end":{"line":179,"column":3}},"type":"if","locations":[{"start":{"line":175,"column":9},"end":{"line":179,"column":3}},{"start":{"line":177,"column":9},"end":{"line":179,"column":3}}]},"14":{"loc":{"start":{"line":181,"column":2},"end":{"line":187,"column":3}},"type":"if","locations":[{"start":{"line":181,"column":2},"end":{"line":187,"column":3}},{"start":{"line":183,"column":9},"end":{"line":187,"column":3}}]},"15":{"loc":{"start":{"line":183,"column":9},"end":{"line":187,"column":3}},"type":"if","locations":[{"start":{"line":183,"column":9},"end":{"line":187,"column":3}},{"start":{"line":185,"column":9},"end":{"line":187,"column":3}}]},"16":{"loc":{"start":{"line":189,"column":2},"end":{"line":195,"column":3}},"type":"if","locations":[{"start":{"line":189,"column":2},"end":{"line":195,"column":3}},{"start":{"line":191,"column":9},"end":{"line":195,"column":3}}]},"17":{"loc":{"start":{"line":191,"column":9},"end":{"line":195,"column":3}},"type":"if","locations":[{"start":{"line":191,"column":9},"end":{"line":195,"column":3}},{"start":{"line":193,"column":9},"end":{"line":195,"column":3}}]}},"s":{"0":3,"1":3,"2":3,"3":3,"4":3,"5":3,"6":2,"7":1,"8":1,"9":1,"10":1,"11":1,"12":1,"13":0,"14":0,"15":1,"16":1,"17":1,"18":1,"19":0,"20":1,"21":3,"22":3,"23":3,"24":3,"25":0,"26":3,"27":3,"28":1,"29":1,"30":2,"31":2,"32":2,"33":2,"34":2,"35":2,"36":2,"37":2,"38":2,"39":2,"40":2,"41":2,"42":2,"43":1,"44":2,"45":2,"46":2,"47":2,"48":2,"49":2,"50":1,"51":2,"52":2,"53":1,"54":2,"55":2,"56":2,"57":2,"58":2,"59":2,"60":2,"61":2,"62":0,"63":0,"64":2,"65":2,"66":0,"67":2,"68":1,"69":1,"70":0,"71":1,"72":2,"73":0,"74":2,"75":1,"76":1,"77":2,"78":0,"79":2,"80":0,"81":2,"82":2},"f":{"0":2,"1":1,"2":1,"3":3,"4":3,"5":3,"6":2,"7":0,"8":0,"9":2},"b":{"0":[1,1],"1":[2,1],"2":[0,1],"3":[0,3],"4":[1,2],"5":[1,1],"6":[2,0],"7":[2,0],"8":[1,1],"9":[1,1],"10":[2,0],"11":[0,2],"12":[1,1],"13":[0,1],"14":[0,2],"15":[1,1],"16":[0,2],"17":[0,2]}}
}
