TN:
SF:weather-report\source\database.ts
FN:31,initDb
FN:49,executeQuery
FN:59,(anonymous_2)
FN:85,getDb
FN:88,(anonymous_4)
FN:100,(anonymous_5)
FN:112,checkDbConnection
FNF:7
FNH:3
FNDA:0,initDb
FNDA:1,executeQuery
FNDA:0,(anonymous_2)
FNDA:1,getDb
FNDA:1,(anonymous_4)
FNDA:0,(anonymous_5)
FNDA:0,checkDbConnection
DA:20,2
DA:23,2
DA:24,2
DA:27,2
DA:28,2
DA:29,2
DA:31,2
DA:33,0
DA:35,0
DA:38,0
DA:45,0
DA:49,2
DA:51,1
DA:53,1
DA:55,0
DA:56,0
DA:57,0
DA:59,0
DA:61,0
DA:64,1
DA:66,1
DA:67,1
DA:68,1
DA:77,1
DA:78,1
DA:82,0
DA:85,2
DA:87,1
DA:89,1
DA:90,1
DA:91,1
DA:92,1
DA:95,0
DA:96,0
DA:101,0
DA:102,0
DA:103,0
DA:105,0
DA:112,2
DA:113,0
DA:114,0
DA:116,0
DA:117,0
LF:43
LH:23
BRDA:53,0,0,0
BRDA:53,0,1,1
BRDA:56,1,0,0
BRDA:56,1,1,0
BRDA:64,2,0,1
BRDA:64,2,1,0
BRDA:67,3,0,1
BRDA:67,3,1,0
BRDA:91,4,0,1
BRDA:91,4,1,0
BRDA:95,5,0,0
BRDA:95,5,1,0
BRF:12
BRH:4
end_of_record
TN:
SF:weather-report\source\weatherService.ts
FN:9,getWeatherForCity
FN:40,saveWeatherData
FN:51,(anonymous_10)
FN:60,getHistoricalWeather
FN:64,(anonymous_12)
FN:76,(anonymous_13)
FN:88,processAndAnalyzeWeatherData
FN:158,convertCelsiusToFahrenheit
FN:163,convertFahrenheitToCelsius
FN:168,generateWeatherSummary
FNF:10
FNH:8
FNDA:2,getWeatherForCity
FNDA:1,saveWeatherData
FNDA:1,(anonymous_10)
FNDA:3,getHistoricalWeather
FNDA:3,(anonymous_12)
FNDA:3,(anonymous_13)
FNDA:2,processAndAnalyzeWeatherData
FNDA:0,convertCelsiusToFahrenheit
FNDA:0,convertFahrenheitToCelsius
FNDA:2,generateWeatherSummary
DA:2,3
DA:6,3
DA:7,3
DA:9,3
DA:10,2
DA:11,1
DA:13,1
DA:16,1
DA:19,1
DA:31,1
DA:33,1
DA:35,0
DA:36,0
DA:41,1
DA:44,1
DA:51,1
DA:52,1
DA:53,0
DA:55,1
DA:60,3
DA:64,3
DA:65,3
DA:68,3
DA:71,3
DA:72,0
DA:76,3
DA:77,3
DA:78,1
DA:79,1
DA:81,2
DA:88,3
DA:90,2
DA:91,2
DA:92,2
DA:93,2
DA:94,2
DA:95,2
DA:96,2
DA:97,2
DA:98,2
DA:101,2
DA:103,2
DA:104,1
DA:106,2
DA:107,2
DA:109,2
DA:112,2
DA:113,2
DA:115,2
DA:116,1
DA:118,2
DA:121,2
DA:122,1
DA:124,2
DA:125,2
DA:127,2
DA:130,2
DA:131,2
DA:132,2
DA:135,2
DA:154,2
DA:159,0
DA:164,0
DA:169,2
DA:171,2
DA:172,0
DA:173,2
DA:174,1
DA:175,1
DA:176,0
DA:178,1
DA:181,2
DA:182,0
DA:183,2
DA:184,1
DA:186,1
DA:189,2
DA:190,0
DA:191,2
DA:192,0
DA:194,2
DA:197,2
LF:82
LH:71
BRDA:10,0,0,1
BRDA:10,0,1,1
BRDA:10,1,0,2
BRDA:10,1,1,1
BRDA:52,2,0,0
BRDA:52,2,1,1
BRDA:71,3,0,0
BRDA:71,3,1,3
BRDA:77,4,0,1
BRDA:77,4,1,2
BRDA:103,5,0,1
BRDA:103,5,1,1
BRDA:106,6,0,2
BRDA:106,6,1,0
BRDA:112,7,0,2
BRDA:112,7,1,0
BRDA:115,8,0,1
BRDA:115,8,1,1
BRDA:121,9,0,1
BRDA:121,9,1,1
BRDA:124,10,0,2
BRDA:124,10,1,0
BRDA:171,11,0,0
BRDA:171,11,1,2
BRDA:173,12,0,1
BRDA:173,12,1,1
BRDA:175,13,0,0
BRDA:175,13,1,1
BRDA:181,14,0,0
BRDA:181,14,1,2
BRDA:183,15,0,1
BRDA:183,15,1,1
BRDA:189,16,0,0
BRDA:189,16,1,2
BRDA:191,17,0,0
BRDA:191,17,1,2
BRF:36
BRH:26
end_of_record
